[2018-06-18 19:54:57,067] multiqc                                            [DEBUG  ]  No MultiQC config found: /home/edanner/anaconda3/envs/pigx_crispr/lib/python3.5/site-packages/multiqc-0.9-py3.5.egg/multiqc_config.yaml
[2018-06-18 19:54:57,067] multiqc                                            [DEBUG  ]  No MultiQC config found: /home/edanner/.multiqc_config.yaml
[2018-06-18 19:54:57,067] multiqc                                            [DEBUG  ]  No MultiQC config found: multiqc_config.yaml
[2018-06-18 19:54:57,067] multiqc                                            [DEBUG  ]  Command used: /home/edanner/anaconda3/envs/pigx_crispr/bin/multiqc -o /home/edanner/workspace/pigx_crispr/sample_data/output/multiqc /home/edanner/workspace/pigx_crispr/sample_data/output
[2018-06-18 19:54:57,318] multiqc                                            [WARNING]  MultiQC Version v1.5
 now available!
[2018-06-18 19:54:57,318] multiqc                                            [INFO   ]  This is MultiQC v0.9
[2018-06-18 19:54:57,318] multiqc                                            [DEBUG  ]  Command     : /home/edanner/anaconda3/envs/pigx_crispr/bin/multiqc -o /home/edanner/workspace/pigx_crispr/sample_data/output/multiqc /home/edanner/workspace/pigx_crispr/sample_data/output
[2018-06-18 19:54:57,318] multiqc                                            [DEBUG  ]  Working dir : /home/edanner/workspace/pigx_crispr
[2018-06-18 19:54:57,318] multiqc                                            [INFO   ]  Template    : default
[2018-06-18 19:54:57,318] multiqc                                            [INFO   ]  Searching '/home/edanner/workspace/pigx_crispr/sample_data/output'
[2018-06-18 19:54:57,319] multiqc                                            [DEBUG  ]  Analysing modules: htseq, gatk, custom_content, peddy, quast, snpeff, qualimap, bcftools, featureCounts, methylQA, rseqc, picard, preseq, prokka, samblaster, samtools, bamtools, bismark, hicup, salmon, kallisto, slamdunk, star, tophat, bowtie2, bowtie1, cutadapt, trimmomatic, skewer, fastq_screen, fastqc
[2018-06-18 19:54:57,319] multiqc                                            [DEBUG  ]  Using temporary directory for creating report: /tmp/tmpbaex0mq3
[2018-06-18 19:54:57,326] multiqc                                            [DEBUG  ]  Ignoring file as matched an ignore pattern: phen_dpy-10_sg1sg2_16.insertions.bed
[2018-06-18 19:54:57,326] multiqc                                            [DEBUG  ]  Ignoring file as matched an ignore pattern: phen_dpy-10_sg1sg2_16.deletions.bed
[2018-06-18 19:54:57,326] multiqc                                            [DEBUG  ]  Ignoring file as matched an ignore pattern: phen_dpy-10_N2_16.insertions.bed
[2018-06-18 19:54:57,327] multiqc                                            [DEBUG  ]  Ignoring file as matched an ignore pattern: phen_dpy-10_N2_16.deletions.bed
[2018-06-18 19:54:57,328] multiqc                                            [DEBUG  ]  Ignoring file as matched an ignore pattern: lin41RNA_pool1.insertions.bed
[2018-06-18 19:54:57,328] multiqc                                            [DEBUG  ]  Ignoring file as matched an ignore pattern: lin41RNA_pool1.deletions.bed
[2018-06-18 19:54:57,329] multiqc                                            [DEBUG  ]  Ignoring file as matched an ignore pattern: phen_dpy-10_N2_16.fastq.gz
[2018-06-18 19:54:57,330] multiqc                                            [DEBUG  ]  Ignoring file as matched an ignore pattern: phen_dpy-10_sg1sg2_16.fastq.gz
[2018-06-18 19:54:57,330] multiqc                                            [DEBUG  ]  Ignoring file as matched an ignore pattern: lin41RNA_pool1.fastq.gz
[2018-06-18 19:54:57,330] multiqc                                            [DEBUG  ]  Ignoring file as matched an ignore pattern: scaffolds.txt.gz
[2018-06-18 19:54:57,331] multiqc                                            [DEBUG  ]  Ignoring file as is encoded: chr1.chrom.gz
[2018-06-18 19:54:57,331] multiqc                                            [DEBUG  ]  Ignoring file as is encoded: chr1_index_k13_c16_b1.block2.gz
[2018-06-18 19:54:57,331] multiqc                                            [DEBUG  ]  Ignoring file as matched an ignore pattern: scaffolds.txt.gz
[2018-06-18 19:54:57,332] multiqc                                            [DEBUG  ]  Ignoring file as is encoded: chr1.chrom.gz
[2018-06-18 19:54:57,332] multiqc                                            [DEBUG  ]  Ignoring file as is encoded: chr1_index_k13_c16_b1.block2.gz
[2018-06-18 19:54:57,334] multiqc                                            [DEBUG  ]  Ignoring file as matched an ignore pattern: phen_dpy-10_N2_16.bam
[2018-06-18 19:54:57,334] multiqc                                            [DEBUG  ]  Ignoring file as matched an ignore pattern: phen_dpy-10_N2_16.sam
[2018-06-18 19:54:57,334] multiqc                                            [DEBUG  ]  Ignoring file as matched an ignore pattern: phen_dpy-10_sg1sg2_16.bam
[2018-06-18 19:54:57,334] multiqc                                            [DEBUG  ]  Ignoring file as matched an ignore pattern: phen_dpy-10_sg1sg2_16.sam
[2018-06-18 19:54:57,334] multiqc                                            [DEBUG  ]  Ignoring file as matched an ignore pattern: lin41RNA_pool1.bam
[2018-06-18 19:54:57,335] multiqc                                            [DEBUG  ]  Ignoring file as matched an ignore pattern: lin41RNA_pool1.sam
[2018-06-18 19:54:57,353] multiqc.modules.htseq.htseq                        [DEBUG  ]  Could not find any reports in ('/home/edanner/workspace/pigx_crispr/sample_data/output',)
[2018-06-18 19:54:57,369] multiqc.modules.gatk.gatk                          [DEBUG  ]  Could not find any reports in ('/home/edanner/workspace/pigx_crispr/sample_data/output',)
[2018-06-18 19:54:57,377] multiqc.modules.custom_content.custom_content      [DEBUG  ]  No custom content found
[2018-06-18 19:54:57,395] multiqc.modules.peddy.peddy                        [DEBUG  ]  Could not find any reports in ('/home/edanner/workspace/pigx_crispr/sample_data/output',)
[2018-06-18 19:54:57,401] multiqc.modules.quast.quast                        [DEBUG  ]  Could not find any reports in ('/home/edanner/workspace/pigx_crispr/sample_data/output',)
[2018-06-18 19:54:57,417] multiqc.modules.snpeff.snpeff                      [DEBUG  ]  Could not find any data in ('/home/edanner/workspace/pigx_crispr/sample_data/output',)
[2018-06-18 19:54:57,419] multiqc.modules.qualimap.QM_BamQC                  [DEBUG  ]  Using default Qualimap thresholds: 1, 5, 10, 30, 50
[2018-06-18 19:54:57,444] multiqc.modules.qualimap.qualimap                  [DEBUG  ]  Could not find any reports in ('/home/edanner/workspace/pigx_crispr/sample_data/output',)
[2018-06-18 19:54:57,460] multiqc.modules.bcftools.bcftools                  [DEBUG  ]  Could not find any reports in ('/home/edanner/workspace/pigx_crispr/sample_data/output',)
[2018-06-18 19:54:57,465] multiqc.modules.featureCounts.feature_counts       [DEBUG  ]  Could not find any reports in ('/home/edanner/workspace/pigx_crispr/sample_data/output',)
[2018-06-18 19:54:57,471] multiqc.modules.methylQA.methylQA                  [DEBUG  ]  Could not find any reports in ('/home/edanner/workspace/pigx_crispr/sample_data/output',)
[2018-06-18 19:54:57,555] multiqc.modules.rseqc.rseqc                        [DEBUG  ]  Could not find any reports in ('/home/edanner/workspace/pigx_crispr/sample_data/output',)
[2018-06-18 19:54:57,674] multiqc.modules.picard.picard                      [DEBUG  ]  Could not find any reports in ('/home/edanner/workspace/pigx_crispr/sample_data/output',)
[2018-06-18 19:54:57,692] multiqc.modules.preseq.preseq                      [DEBUG  ]  Could not find any preseq data in ('/home/edanner/workspace/pigx_crispr/sample_data/output',)
[2018-06-18 19:54:57,710] multiqc.modules.prokka.prokka                      [DEBUG  ]  Could not find any Prokka data in ('/home/edanner/workspace/pigx_crispr/sample_data/output',)
[2018-06-18 19:54:57,727] multiqc.modules.samblaster.samblaster              [DEBUG  ]  Could not find any data in ('/home/edanner/workspace/pigx_crispr/sample_data/output',)
[2018-06-18 19:54:57,746] multiqc.modules.samtools.samtools                  [INFO   ]  Found 3 stats reports
[2018-06-18 19:54:57,799] multiqc.modules.bamtools.bamtools                  [DEBUG  ]  Could not find any reports in ('/home/edanner/workspace/pigx_crispr/sample_data/output',)
[2018-06-18 19:54:57,821] multiqc.modules.bismark.bismark                    [DEBUG  ]  Could not find any reports in ('/home/edanner/workspace/pigx_crispr/sample_data/output',)
[2018-06-18 19:54:57,826] multiqc.modules.hicup.hicup                        [DEBUG  ]  Could not find any HiCUP data in ('/home/edanner/workspace/pigx_crispr/sample_data/output',)
[2018-06-18 19:54:57,836] multiqc.modules.salmon.salmon                      [DEBUG  ]  Could not find any Salmon data in ('/home/edanner/workspace/pigx_crispr/sample_data/output',)
[2018-06-18 19:54:57,851] multiqc.modules.kallisto.kallisto                  [DEBUG  ]  Could not find any reports in ('/home/edanner/workspace/pigx_crispr/sample_data/output',)
[2018-06-18 19:54:57,940] multiqc.modules.slamdunk.slamdunk                  [DEBUG  ]  No slamdunk reports found.
[2018-06-18 19:54:57,950] multiqc.modules.star.star                          [DEBUG  ]  Could not find any reports in ('/home/edanner/workspace/pigx_crispr/sample_data/output',)
[2018-06-18 19:54:57,955] multiqc.modules.tophat.tophat                      [DEBUG  ]  Could not find any reports in ('/home/edanner/workspace/pigx_crispr/sample_data/output',)
[2018-06-18 19:54:57,971] multiqc.modules.bowtie2.bowtie2                    [DEBUG  ]  Could not find any reports in ('/home/edanner/workspace/pigx_crispr/sample_data/output',)
[2018-06-18 19:54:57,987] multiqc.modules.bowtie1.bowtie1                    [DEBUG  ]  Could not find any reports in ('/home/edanner/workspace/pigx_crispr/sample_data/output',)
[2018-06-18 19:54:58,003] multiqc.modules.cutadapt.cutadapt                  [DEBUG  ]  Could not find any reports in ('/home/edanner/workspace/pigx_crispr/sample_data/output',)
[2018-06-18 19:54:58,020] multiqc.modules.trimmomatic.trimmomatic            [INFO   ]  Found 3 logs
[2018-06-18 19:54:58,036] multiqc.modules.skewer.skewer                      [DEBUG  ]  Could not find any data in ('/home/edanner/workspace/pigx_crispr/sample_data/output',)
[2018-06-18 19:54:58,041] multiqc.modules.fastq_screen.fastq_screen          [DEBUG  ]  Could not find any reports in ('/home/edanner/workspace/pigx_crispr/sample_data/output',)
[2018-06-18 19:54:58,063] multiqc.modules.fastqc.fastqc                      [INFO   ]  Found 3 reports
[2018-06-18 19:54:58,159] multiqc                                            [INFO   ]  Report      : sample_data/output/multiqc/multiqc_report.html
[2018-06-18 19:54:58,159] multiqc                                            [INFO   ]  Data        : sample_data/output/multiqc/multiqc_data
[2018-06-18 19:54:58,159] multiqc                                            [DEBUG  ]  Moving data file from '/tmp/tmpbaex0mq3/multiqc_data/multiqc_fastqc.txt' to '/home/edanner/workspace/pigx_crispr/sample_data/output/multiqc/multiqc_data'
[2018-06-18 19:54:58,160] multiqc                                            [DEBUG  ]  Moving data file from '/tmp/tmpbaex0mq3/multiqc_data/multiqc_sources.txt' to '/home/edanner/workspace/pigx_crispr/sample_data/output/multiqc/multiqc_data'
[2018-06-18 19:54:58,160] multiqc                                            [DEBUG  ]  Moving data file from '/tmp/tmpbaex0mq3/multiqc_data/multiqc_trimmomatic.txt' to '/home/edanner/workspace/pigx_crispr/sample_data/output/multiqc/multiqc_data'
[2018-06-18 19:54:58,160] multiqc                                            [DEBUG  ]  Moving data file from '/tmp/tmpbaex0mq3/multiqc_data/multiqc_general_stats.txt' to '/home/edanner/workspace/pigx_crispr/sample_data/output/multiqc/multiqc_data'
[2018-06-18 19:54:58,160] multiqc                                            [DEBUG  ]  Moving data file from '/tmp/tmpbaex0mq3/multiqc_data/multiqc_samtools_stats.txt' to '/home/edanner/workspace/pigx_crispr/sample_data/output/multiqc/multiqc_data'
[2018-06-18 19:54:58,242] multiqc                                            [INFO   ]  MultiQC complete
