java -Djava.library.path=/home/edanner/anaconda3/envs/pigx_crispr/opt/bbmap-37.17/jni/ -ea -Xmx7588m -cp /home/edanner/anaconda3/envs/pigx_crispr/opt/bbmap-37.17/current/ align2.BBMap build=1 overwrite=true fastareadlen=500 path=/home/edanner/workspace/pigx_crispr/sample_data/output/bbmap_indexes/dpy-10 in=/home/edanner/workspace/pigx_crispr/sample_data/output/trimmed_reads/dpy-10/phen_dpy-10_sg1sg2_16.fastq.gz outm=/home/edanner/workspace/pigx_crispr/sample_data/output/aln/dpy-10/phen_dpy-10_sg1sg2_16.sam t=2 sam=1.3
Executing align2.BBMap [build=1, overwrite=true, fastareadlen=500, path=/home/edanner/workspace/pigx_crispr/sample_data/output/bbmap_indexes/dpy-10, in=/home/edanner/workspace/pigx_crispr/sample_data/output/trimmed_reads/dpy-10/phen_dpy-10_sg1sg2_16.fastq.gz, outm=/home/edanner/workspace/pigx_crispr/sample_data/output/aln/dpy-10/phen_dpy-10_sg1sg2_16.sam, t=2, sam=1.3]

BBMap version 37.17
Set threads to 2
Retaining first best site only for ambiguous mappings.
Set genome to 1

Loaded Reference:	0.128 seconds.
Loading index for chunk 1-1, build 1
Generated Index:	0.867 seconds.
Analyzed Index:   	3.347 seconds.
Started output stream:	0.024 seconds.
Cleared Memory:    	0.164 seconds.
Processing reads in single-ended mode.
Started read stream.
Started 2 mapping threads.
Detecting finished threads: 0, 1

   ------------------   Results   ------------------   

Genome:                	1
Key Length:            	13
Max Indel:             	16000
Minimum Score Ratio:  	0.56
Mapping Mode:         	normal
Reads Used:           	2448	(325820 bases)

Mapping:          	2.600 seconds.
Reads/sec:       	941.39
kBases/sec:      	125.30


Read 1 data:      	pct reads	num reads 	pct bases	   num bases

mapped:          	 99.8366% 	     2444 	 99.9085% 	      325522
unambiguous:     	 99.8366% 	     2444 	 99.9085% 	      325522
ambiguous:       	  0.0000% 	        0 	  0.0000% 	           0
low-Q discards:  	  0.0000% 	        0 	  0.0000% 	           0

perfect best site:	 73.8971% 	     1809 	 73.7235% 	      240206
semiperfect site:	 73.8971% 	     1809 	 73.7235% 	      240206

Match Rate:      	      NA 	       NA 	 99.4791% 	      324305
Error Rate:      	 25.8684% 	      633 	  0.5202% 	        1696
Sub Rate:        	 24.1112% 	      590 	  0.3610% 	        1177
Del Rate:        	  2.3294% 	       57 	  0.1475% 	         481
Ins Rate:        	  0.2861% 	        7 	  0.0117% 	          38
N Rate:          	  0.0817% 	        2 	  0.0006% 	           2

Total time:     	7.288 seconds.
