Building DAG of jobs...
Using shell: /bin/bash
Provided cores: 4
Rules claiming more threads will be scaled down.
Job counts:
	count	jobs
	1	all
	2	report
	3

rule report:
    input: /home/edanner/workspace/pigx_crispr/sample_data/output/indels/lin-41/lin41RNA_pool1.coverageStats.tsv, /home/edanner/workspace/pigx_crispr/sample_data/output/indels/dpy-10/phen_dpy-10_N2_16.coverageStats.tsv, /home/edanner/workspace/pigx_crispr/sample_data/output/indels/dpy-10/phen_dpy-10_sg1sg2_16.coverageStats.tsv, /home/edanner/workspace/pigx_crispr/sample_data/output/indels/lin-41/lin41RNA_pool1.indel_stats_at_cutsites.tsv, /home/edanner/workspace/pigx_crispr/sample_data/output/indels/dpy-10/phen_dpy-10_N2_16.indel_stats_at_cutsites.tsv, /home/edanner/workspace/pigx_crispr/sample_data/output/indels/dpy-10/phen_dpy-10_sg1sg2_16.indel_stats_at_cutsites.tsv, /home/edanner/workspace/pigx_crispr/sample_data/output/indels/lin-41/lin41RNA_pool1.indels.unfiltered.tsv, /home/edanner/workspace/pigx_crispr/sample_data/output/indels/dpy-10/phen_dpy-10_N2_16.indels.unfiltered.tsv, /home/edanner/workspace/pigx_crispr/sample_data/output/indels/dpy-10/phen_dpy-10_sg1sg2_16.indels.unfiltered.tsv
    output: /home/edanner/workspace/pigx_crispr/sample_data/output/reports/lin-41.report.html
    log: /home/edanner/workspace/pigx_crispr/sample_data/output/logs/lin-41.report.log
    jobid: 5
    wildcards: amplicon=lin-41

/home/edanner/anaconda3/bin/Rscript /home/edanner/workspace/pigx_crispr/src/runReport.R  --reportFile=/home/edanner/workspace/pigx_crispr/src/report.Rmd --ampliconFastaFile=/home/edanner/workspace/pigx_crispr/sample_data/amplicons/amplicon_lin-41.fa --ampliconName=lin-41 --cutSitesFile=/home/edanner/workspace/pigx_crispr/sample_data/cutsites/sgRNA_cutsites_lin-41.txt --sampleSheetFile=/home/edanner/workspace/pigx_crispr/sample_data/sample_sheet.csv --indelsFolder=/home/edanner/workspace/pigx_crispr/sample_data/output/indels/lin-41 --workdir=/home/edanner/workspace/pigx_crispr/sample_data/output/reports --prefix=lin-41 > /home/edanner/workspace/pigx_crispr/sample_data/output/logs/lin-41.report.log 2>&1

rule report:
    input: /home/edanner/workspace/pigx_crispr/sample_data/output/indels/lin-41/lin41RNA_pool1.coverageStats.tsv, /home/edanner/workspace/pigx_crispr/sample_data/output/indels/dpy-10/phen_dpy-10_N2_16.coverageStats.tsv, /home/edanner/workspace/pigx_crispr/sample_data/output/indels/dpy-10/phen_dpy-10_sg1sg2_16.coverageStats.tsv, /home/edanner/workspace/pigx_crispr/sample_data/output/indels/lin-41/lin41RNA_pool1.indel_stats_at_cutsites.tsv, /home/edanner/workspace/pigx_crispr/sample_data/output/indels/dpy-10/phen_dpy-10_N2_16.indel_stats_at_cutsites.tsv, /home/edanner/workspace/pigx_crispr/sample_data/output/indels/dpy-10/phen_dpy-10_sg1sg2_16.indel_stats_at_cutsites.tsv, /home/edanner/workspace/pigx_crispr/sample_data/output/indels/lin-41/lin41RNA_pool1.indels.unfiltered.tsv, /home/edanner/workspace/pigx_crispr/sample_data/output/indels/dpy-10/phen_dpy-10_N2_16.indels.unfiltered.tsv, /home/edanner/workspace/pigx_crispr/sample_data/output/indels/dpy-10/phen_dpy-10_sg1sg2_16.indels.unfiltered.tsv
    output: /home/edanner/workspace/pigx_crispr/sample_data/output/reports/dpy-10.report.html
    log: /home/edanner/workspace/pigx_crispr/sample_data/output/logs/dpy-10.report.log
    jobid: 4
    wildcards: amplicon=dpy-10

/home/edanner/anaconda3/bin/Rscript /home/edanner/workspace/pigx_crispr/src/runReport.R  --reportFile=/home/edanner/workspace/pigx_crispr/src/report.Rmd --ampliconFastaFile=/home/edanner/workspace/pigx_crispr/sample_data/amplicons/amplicon_dpy-10.fa --ampliconName=dpy-10 --cutSitesFile=/home/edanner/workspace/pigx_crispr/sample_data/cutsites/sgRNA_cutsites_dpy-10.txt --sampleSheetFile=/home/edanner/workspace/pigx_crispr/sample_data/sample_sheet.csv --indelsFolder=/home/edanner/workspace/pigx_crispr/sample_data/output/indels/dpy-10 --workdir=/home/edanner/workspace/pigx_crispr/sample_data/output/reports --prefix=dpy-10 > /home/edanner/workspace/pigx_crispr/sample_data/output/logs/dpy-10.report.log 2>&1
Finished job 5.
1 of 3 steps (33%) done
Finished job 4.
2 of 3 steps (67%) done

localrule all:
    input: /home/edanner/workspace/pigx_crispr/sample_data/output/fastqc/lin-41/lin41RNA_pool1.fastqc.done, /home/edanner/workspace/pigx_crispr/sample_data/output/fastqc/dpy-10/phen_dpy-10_N2_16.fastqc.done, /home/edanner/workspace/pigx_crispr/sample_data/output/fastqc/dpy-10/phen_dpy-10_sg1sg2_16.fastqc.done, /home/edanner/workspace/pigx_crispr/sample_data/output/trimmed_reads/lin-41/lin41RNA_pool1.fastq.gz, /home/edanner/workspace/pigx_crispr/sample_data/output/trimmed_reads/dpy-10/phen_dpy-10_N2_16.fastq.gz, /home/edanner/workspace/pigx_crispr/sample_data/output/trimmed_reads/dpy-10/phen_dpy-10_sg1sg2_16.fastq.gz, /home/edanner/workspace/pigx_crispr/sample_data/output/aln/lin-41/lin41RNA_pool1.bam, /home/edanner/workspace/pigx_crispr/sample_data/output/aln/dpy-10/phen_dpy-10_N2_16.bam, /home/edanner/workspace/pigx_crispr/sample_data/output/aln/dpy-10/phen_dpy-10_sg1sg2_16.bam, /home/edanner/workspace/pigx_crispr/sample_data/output/aln/lin-41/lin41RNA_pool1.bam.bai, /home/edanner/workspace/pigx_crispr/sample_data/output/aln/dpy-10/phen_dpy-10_N2_16.bam.bai, /home/edanner/workspace/pigx_crispr/sample_data/output/aln/dpy-10/phen_dpy-10_sg1sg2_16.bam.bai, /home/edanner/workspace/pigx_crispr/sample_data/output/aln/lin-41/lin41RNA_pool1.samtools.stats.txt, /home/edanner/workspace/pigx_crispr/sample_data/output/aln/dpy-10/phen_dpy-10_N2_16.samtools.stats.txt, /home/edanner/workspace/pigx_crispr/sample_data/output/aln/dpy-10/phen_dpy-10_sg1sg2_16.samtools.stats.txt, /home/edanner/workspace/pigx_crispr/sample_data/output/indels/lin-41/lin41RNA_pool1.indelScores.bedgraph, /home/edanner/workspace/pigx_crispr/sample_data/output/indels/dpy-10/phen_dpy-10_N2_16.indelScores.bedgraph, /home/edanner/workspace/pigx_crispr/sample_data/output/indels/dpy-10/phen_dpy-10_sg1sg2_16.indelScores.bedgraph, /home/edanner/workspace/pigx_crispr/sample_data/output/indels/lin-41/lin41RNA_pool1.deletionScores.bedgraph, /home/edanner/workspace/pigx_crispr/sample_data/output/indels/dpy-10/phen_dpy-10_N2_16.deletionScores.bedgraph, /home/edanner/workspace/pigx_crispr/sample_data/output/indels/dpy-10/phen_dpy-10_sg1sg2_16.deletionScores.bedgraph, /home/edanner/workspace/pigx_crispr/sample_data/output/indels/lin-41/lin41RNA_pool1.insertionScores.bedgraph, /home/edanner/workspace/pigx_crispr/sample_data/output/indels/dpy-10/phen_dpy-10_N2_16.insertionScores.bedgraph, /home/edanner/workspace/pigx_crispr/sample_data/output/indels/dpy-10/phen_dpy-10_sg1sg2_16.insertionScores.bedgraph, /home/edanner/workspace/pigx_crispr/sample_data/output/indels/lin-41/lin41RNA_pool1.coverageStats.tsv, /home/edanner/workspace/pigx_crispr/sample_data/output/indels/dpy-10/phen_dpy-10_N2_16.coverageStats.tsv, /home/edanner/workspace/pigx_crispr/sample_data/output/indels/dpy-10/phen_dpy-10_sg1sg2_16.coverageStats.tsv, /home/edanner/workspace/pigx_crispr/sample_data/output/indels/lin-41/lin41RNA_pool1.indel_stats_at_cutsites.tsv, /home/edanner/workspace/pigx_crispr/sample_data/output/indels/dpy-10/phen_dpy-10_N2_16.indel_stats_at_cutsites.tsv, /home/edanner/workspace/pigx_crispr/sample_data/output/indels/dpy-10/phen_dpy-10_sg1sg2_16.indel_stats_at_cutsites.tsv, /home/edanner/workspace/pigx_crispr/sample_data/output/indels/lin-41/lin41RNA_pool1.deletions.bed, /home/edanner/workspace/pigx_crispr/sample_data/output/indels/dpy-10/phen_dpy-10_N2_16.deletions.bed, /home/edanner/workspace/pigx_crispr/sample_data/output/indels/dpy-10/phen_dpy-10_sg1sg2_16.deletions.bed, /home/edanner/workspace/pigx_crispr/sample_data/output/indels/lin-41/lin41RNA_pool1.insertions.bed, /home/edanner/workspace/pigx_crispr/sample_data/output/indels/dpy-10/phen_dpy-10_N2_16.insertions.bed, /home/edanner/workspace/pigx_crispr/sample_data/output/indels/dpy-10/phen_dpy-10_sg1sg2_16.insertions.bed, /home/edanner/workspace/pigx_crispr/sample_data/output/indels/lin-41/lin41RNA_pool1.indels.unfiltered.tsv, /home/edanner/workspace/pigx_crispr/sample_data/output/indels/dpy-10/phen_dpy-10_N2_16.indels.unfiltered.tsv, /home/edanner/workspace/pigx_crispr/sample_data/output/indels/dpy-10/phen_dpy-10_sg1sg2_16.indels.unfiltered.tsv, /home/edanner/workspace/pigx_crispr/sample_data/output/multiqc/multiqc_report.html, /home/edanner/workspace/pigx_crispr/sample_data/output/bbmap_indexes/dpy-10, /home/edanner/workspace/pigx_crispr/sample_data/output/bbmap_indexes/lin-41, /home/edanner/workspace/pigx_crispr/sample_data/output/reports/dpy-10.report.html, /home/edanner/workspace/pigx_crispr/sample_data/output/reports/lin-41.report.html
    jobid: 0

Finished job 0.
3 of 3 steps (100%) done
Complete log: /home/edanner/workspace/pigx_crispr/.snakemake/log/2018-07-04T130912.019484.snakemake.log
