Building DAG of jobs...
Using shell: /bin/bash
Provided cores: 4
Rules claiming more threads will be scaled down.
Job counts:
	count	jobs
	1	all
	2	bbmap_map
	2	fastqc
	2	getIndelStats
	1	multiqc
	2	report
	2	samtools_indexbam
	2	samtools_sam2bam
	2	samtools_stats
	2	trimmomatic
	18

rule trimmomatic:
    input: /home/edanner/workspace/pigx_crispr/sample_data/reads/lin41RNA_pool1_S67_R1_001.fastq.gz
    output: /home/edanner/workspace/pigx_crispr/sample_data/output/trimmed_reads/lin-41/lin41RNA_pool1.fastq.gz
    log: /home/edanner/workspace/pigx_crispr/sample_data/output/logs/lin-41/trimmomatic.lin41RNA_pool1.log
    jobid: 12
    wildcards: amplicon=lin-41, sample=lin41RNA_pool1

trimmomatic SE -threads 2 /home/edanner/workspace/pigx_crispr/sample_data/reads/lin41RNA_pool1_S67_R1_001.fastq.gz /home/edanner/workspace/pigx_crispr/sample_data/output/trimmed_reads/lin-41/lin41RNA_pool1.fastq.gz        ILLUMINACLIP:/home/edanner/workspace/pigx_crispr/sample_data/adapters/TruSeq2-SE.fa:2:30:10 LEADING:3 TRAILING:3 SLIDINGWINDOW:4:15 MINLEN:36 > /home/edanner/workspace/pigx_crispr/sample_data/output/logs/lin-41/trimmomatic.lin41RNA_pool1.log 2>&1

rule fastqc:
    input: /home/edanner/workspace/pigx_crispr/sample_data/reads/lin41RNA_pool1_S67_R1_001.fastq.gz
    output: /home/edanner/workspace/pigx_crispr/sample_data/output/fastqc/lin-41/lin41RNA_pool1.fastqc.done
    log: /home/edanner/workspace/pigx_crispr/sample_data/output/logs/lin-41/lin41RNA_pool1.fastqc.log
    jobid: 18
    wildcards: amplicon=lin-41, sample=lin41RNA_pool1

fastqc -o /home/edanner/workspace/pigx_crispr/sample_data/output/fastqc/lin-41 /home/edanner/workspace/pigx_crispr/sample_data/reads/lin41RNA_pool1_S67_R1_001.fastq.gz > /home/edanner/workspace/pigx_crispr/sample_data/output/logs/lin-41/lin41RNA_pool1.fastqc.log 2>&1; touch /home/edanner/workspace/pigx_crispr/sample_data/output/fastqc/lin-41/lin41RNA_pool1.fastqc.done

rule fastqc:
    input: /home/edanner/workspace/pigx_crispr/sample_data/reads/phen_dpy-10_N2_16_S31_R1_001.fastq.gz
    output: /home/edanner/workspace/pigx_crispr/sample_data/output/fastqc/dpy-10/phen_dpy-10_N2_16.fastqc.done
    log: /home/edanner/workspace/pigx_crispr/sample_data/output/logs/dpy-10/phen_dpy-10_N2_16.fastqc.log
    jobid: 7
    wildcards: amplicon=dpy-10, sample=phen_dpy-10_N2_16

fastqc -o /home/edanner/workspace/pigx_crispr/sample_data/output/fastqc/dpy-10 /home/edanner/workspace/pigx_crispr/sample_data/reads/phen_dpy-10_N2_16_S31_R1_001.fastq.gz > /home/edanner/workspace/pigx_crispr/sample_data/output/logs/dpy-10/phen_dpy-10_N2_16.fastqc.log 2>&1; touch /home/edanner/workspace/pigx_crispr/sample_data/output/fastqc/dpy-10/phen_dpy-10_N2_16.fastqc.done

    Error in rule trimmomatic:
    Error in rule fastqc:
rule trimmomatic:
    input: /home/edanner/workspace/pigx_crispr/sample_data/reads/phen_dpy-10_N2_16_S31_R1_001.fastq.gz
    output: /home/edanner/workspace/pigx_crispr/sample_data/output/trimmed_reads/dpy-10/phen_dpy-10_N2_16.fastq.gz
    log: /home/edanner/workspace/pigx_crispr/sample_data/output/logs/dpy-10/trimmomatic.phen_dpy-10_N2_16.log
    jobid: 16
    wildcards: amplicon=dpy-10, sample=phen_dpy-10_N2_16
        jobid: 12
        jobid: 18

        output: /home/edanner/workspace/pigx_crispr/sample_data/output/trimmed_reads/lin-41/lin41RNA_pool1.fastq.gz
        output: /home/edanner/workspace/pigx_crispr/sample_data/output/fastqc/lin-41/lin41RNA_pool1.fastqc.done
trimmomatic SE -threads 2 /home/edanner/workspace/pigx_crispr/sample_data/reads/phen_dpy-10_N2_16_S31_R1_001.fastq.gz /home/edanner/workspace/pigx_crispr/sample_data/output/trimmed_reads/dpy-10/phen_dpy-10_N2_16.fastq.gz        ILLUMINACLIP:/home/edanner/workspace/pigx_crispr/sample_data/adapters/TruSeq2-SE.fa:2:30:10 LEADING:3 TRAILING:3 SLIDINGWINDOW:4:15 MINLEN:36 > /home/edanner/workspace/pigx_crispr/sample_data/output/logs/dpy-10/trimmomatic.phen_dpy-10_N2_16.log 2>&1
        log: /home/edanner/workspace/pigx_crispr/sample_data/output/logs/lin-41/trimmomatic.lin41RNA_pool1.log
    Error in rule fastqc:
        log: /home/edanner/workspace/pigx_crispr/sample_data/output/logs/lin-41/lin41RNA_pool1.fastqc.log

        jobid: 7

        output: /home/edanner/workspace/pigx_crispr/sample_data/output/fastqc/dpy-10/phen_dpy-10_N2_16.fastqc.done
        log: /home/edanner/workspace/pigx_crispr/sample_data/output/logs/dpy-10/phen_dpy-10_N2_16.fastqc.log

RuleException:
CalledProcessError in line 107 of /home/edanner/workspace/pigx_crispr/pigx_crispr.py:
Command ' set -euo pipefail;  fastqc -o /home/edanner/workspace/pigx_crispr/sample_data/output/fastqc/dpy-10 /home/edanner/workspace/pigx_crispr/sample_data/reads/phen_dpy-10_N2_16_S31_R1_001.fastq.gz > /home/edanner/workspace/pigx_crispr/sample_data/output/logs/dpy-10/phen_dpy-10_N2_16.fastqc.log 2>&1; touch /home/edanner/workspace/pigx_crispr/sample_data/output/fastqc/dpy-10/phen_dpy-10_N2_16.fastqc.done ' returned non-zero exit status 127.
  File "/home/edanner/workspace/pigx_crispr/pigx_crispr.py", line 107, in __rule_fastqc
  File "/home/edanner/anaconda3/lib/python3.6/concurrent/futures/thread.py", line 56, in run
RuleException:
CalledProcessError in line 113 of /home/edanner/workspace/pigx_crispr/pigx_crispr.py:
Command ' set -euo pipefail;  trimmomatic SE -threads 2 /home/edanner/workspace/pigx_crispr/sample_data/reads/lin41RNA_pool1_S67_R1_001.fastq.gz /home/edanner/workspace/pigx_crispr/sample_data/output/trimmed_reads/lin-41/lin41RNA_pool1.fastq.gz        ILLUMINACLIP:/home/edanner/workspace/pigx_crispr/sample_data/adapters/TruSeq2-SE.fa:2:30:10 LEADING:3 TRAILING:3 SLIDINGWINDOW:4:15 MINLEN:36 > /home/edanner/workspace/pigx_crispr/sample_data/output/logs/lin-41/trimmomatic.lin41RNA_pool1.log 2>&1 ' returned non-zero exit status 127.
  File "/home/edanner/workspace/pigx_crispr/pigx_crispr.py", line 113, in __rule_trimmomatic
  File "/home/edanner/anaconda3/lib/python3.6/concurrent/futures/thread.py", line 56, in run
RuleException:
CalledProcessError in line 107 of /home/edanner/workspace/pigx_crispr/pigx_crispr.py:
Command ' set -euo pipefail;  fastqc -o /home/edanner/workspace/pigx_crispr/sample_data/output/fastqc/lin-41 /home/edanner/workspace/pigx_crispr/sample_data/reads/lin41RNA_pool1_S67_R1_001.fastq.gz > /home/edanner/workspace/pigx_crispr/sample_data/output/logs/lin-41/lin41RNA_pool1.fastqc.log 2>&1; touch /home/edanner/workspace/pigx_crispr/sample_data/output/fastqc/lin-41/lin41RNA_pool1.fastqc.done ' returned non-zero exit status 127.
  File "/home/edanner/workspace/pigx_crispr/pigx_crispr.py", line 107, in __rule_fastqc
  File "/home/edanner/anaconda3/lib/python3.6/concurrent/futures/thread.py", line 56, in run
    Error in rule trimmomatic:
        jobid: 16
        output: /home/edanner/workspace/pigx_crispr/sample_data/output/trimmed_reads/dpy-10/phen_dpy-10_N2_16.fastq.gz
        log: /home/edanner/workspace/pigx_crispr/sample_data/output/logs/dpy-10/trimmomatic.phen_dpy-10_N2_16.log

RuleException:
CalledProcessError in line 113 of /home/edanner/workspace/pigx_crispr/pigx_crispr.py:
Command ' set -euo pipefail;  trimmomatic SE -threads 2 /home/edanner/workspace/pigx_crispr/sample_data/reads/phen_dpy-10_N2_16_S31_R1_001.fastq.gz /home/edanner/workspace/pigx_crispr/sample_data/output/trimmed_reads/dpy-10/phen_dpy-10_N2_16.fastq.gz        ILLUMINACLIP:/home/edanner/workspace/pigx_crispr/sample_data/adapters/TruSeq2-SE.fa:2:30:10 LEADING:3 TRAILING:3 SLIDINGWINDOW:4:15 MINLEN:36 > /home/edanner/workspace/pigx_crispr/sample_data/output/logs/dpy-10/trimmomatic.phen_dpy-10_N2_16.log 2>&1 ' returned non-zero exit status 127.
  File "/home/edanner/workspace/pigx_crispr/pigx_crispr.py", line 113, in __rule_trimmomatic
  File "/home/edanner/anaconda3/lib/python3.6/concurrent/futures/thread.py", line 56, in run
Shutting down, this might take some time.
Exiting because a job execution failed. Look above for error message
Complete log: /home/edanner/workspace/pigx_crispr/.snakemake/log/2018-07-17T183749.453213.snakemake.log
